STEP to UG
! INFO-     NX STEP AP203 - V12.0
! INFO-      
! INFO-     Start of Translation: 28-FEB-2023  7:37:21 PM
! INFO-      
! STATUS-   Converting Part: I:\My Drive\trong_phuc.firm@Phuc080201\Ổ D\Do An\QuanTracVe\QT\CK\NX\File Tai Ve\AngTen\ANTENNAE.STEP
! SUMMARY-   
! SUMMARY-    STEP Header Information
! SUMMARY-   
! SUMMARY-  Description      STEP AP214
! SUMMARY-  Imp_Level        1
! SUMMARY-  File_Name        ANTENNAE.STEP
! SUMMARY-  Date             2021-12-23T19:56:46
! SUMMARY-  Author           Unknown
! SUMMARY-  Organization     Unknown
! SUMMARY-  Pre_Version      SwSTEP 2.0
! SUMMARY-  Orig_System      SolidWorks 2018
! SUMMARY-  Authorization    Unknown
! SUMMARY-  Schema_ID        automotive_design
! SUMMARY-   
! SUMMARY-    Summary of STEP Entities
! SUMMARY-   
! SUMMARY-  Entity Type                                                   Count
! SUMMARY-  -----------                                                   ------
! SUMMARY-  advanced_face ..............................................:     86
! SUMMARY-  application_context ........................................:      2
! SUMMARY-  axis2_placement_3d .........................................:    126
! SUMMARY-  b_spline_curve_with_knots ..................................:     78
! SUMMARY-  b_spline_surface_with_knots ................................:     18
! SUMMARY-  b_spline_surface_with_knots_and_rational_b_spline_surface ..:     10
! SUMMARY-  cartesian_point ............................................:   2198
! SUMMARY-  circle .....................................................:     67
! SUMMARY-  closed_shell ...............................................:      1
! SUMMARY-  conical_surface ............................................:      1
! SUMMARY-  conversion_based_unit_and_length_unit ......................:      3
! SUMMARY-  cylindrical_surface ........................................:     23
! SUMMARY-  dimensional_exponents ......................................:      3
! SUMMARY-  direction ..................................................:    280
! SUMMARY-  edge_curve .................................................:    173
! SUMMARY-  edge_loop ..................................................:    109
! SUMMARY-  face_bound .................................................:      7
! SUMMARY-  face_outer_bound ...........................................:    102
! SUMMARY-  geometric_representation_context_and_global_uncertainty_a ..:      3
! SUMMARY-  length_measure_with_unit ...................................:      3
! SUMMARY-  length_unit_and_si_unit ....................................:      3
! SUMMARY-  line .......................................................:     28
! SUMMARY-  manifold_solid_brep ........................................:      1
! SUMMARY-  oriented_edge ..............................................:    346
! SUMMARY-  plane ......................................................:     12
! SUMMARY-  plane_angle_unit_and_si_unit ...............................:      3
! SUMMARY-  product ....................................................:      1
! SUMMARY-  product_context ............................................:      1
! SUMMARY-  product_definition .........................................:      1
! SUMMARY-  product_definition_context .................................:      1
! SUMMARY-  product_definition_formation_with_specified_source .........:      1
! SUMMARY-  product_definition_shape ...................................:      1
! SUMMARY-  product_related_product_category ...........................:      1
! SUMMARY-  si_unit_and_solid_angle_unit ...............................:      3
! SUMMARY-  spherical_surface ..........................................:      3
! SUMMARY-  toroidal_surface ...........................................:     19
! SUMMARY-  uncertainty_measure_with_unit ..............................:      3
! SUMMARY-  vector .....................................................:     28
! SUMMARY-  vertex_point ...............................................:    108
! SUMMARY-                                                               -------
! SUMMARY-  Total                                                           3857
! STATUS-    
! STATUS-   Converting to Output Form (Phase 2 of 3): 28-FEB-2023 7:37:21 PM
! STATUS-    
! STATUS-    
! STATUS-   Generating UG geometry and placing them in parts
! STATUS-    
! STATUS-   Creating the UG part (Phase 3 of 3): 28-FEB-2023  7:37:21 PM
! STATUS-    
! STATUS-   Creating UG solid body from Input Ent Id 1673
! STATUS-    
! STATUS-   fixing vertex and/or edge off surface faults
! STATUS-    
! STATUS-   simplifying Bsplines to analytics
! STATUS-    
! STATUS-   converting tolerant edges into exact edges
! STATUS-    
! STATUS-   doing final check of body to report any faults
! STATUS-    
! INFO-     Filing Part ..: I:\My Drive\trong_phuc.firm@Phuc080201\Ổ D\Do An\QuanTracVe\QT\CK\NX\Tau_hai_Than\File Assembly\ANTENNAE.prt
! SUMMARY-   
! SUMMARY-  Summary of Unigraphics Part Entities
! SUMMARY-   
! SUMMARY-  Entities Processed             Count
! SUMMARY-  ------------------             -----
! SUMMARY-  Solid .......................:     1
! SUMMARY-                                 -----
! SUMMARY-  Total                              1
! INFO-      
! INFO-     Total number of solids input for this translation       :         1
! INFO-      
! INFO-     Number of solids created without body validation faults :         1
! INFO-      
! INFO-     Number of solids created with body validation fault(s)  :         0
! INFO-      
! INFO-     Number of solids ending up as sheet bodies              :         0
! INFO-      
! INFO-     End of Translation: 28-FEB-2023  7:37:22 PM
! INFO-      
