STEP to UG
! INFO-     NX STEP AP203 - V12.0
! INFO-      
! INFO-     Start of Translation: 15-MAR-2023  12:38:06 AM
! INFO-      
! STATUS-   Converting Part: I:\My Drive\trong_phuc.firm@Phuc080201\Do_An\Do An\QuanTracVe\QT\CK\NX\File Tai Ve\fan-for-electronic-devices-3.snapshot.2\вентилятор120.stp
! SUMMARY-   
! SUMMARY-    STEP Header Information
! SUMMARY-   
! SUMMARY-  Description      STEP AP214
! SUMMARY-  Imp_Level        1
! SUMMARY-  File_Name        âåíòèëÿòîð120
! SUMMARY-  Date             2022-11-01T16:47:07
! SUMMARY-  Author                
! SUMMARY-  Organization     Unknown
! SUMMARY-  Pre_Version      ASCON STEP Converter 1.3
! SUMMARY-  Orig_System      ASCON Math Kernel
! SUMMARY-  Authorization    Unknown
! SUMMARY-  Schema_ID        automotive_design
! SUMMARY-   
! SUMMARY-    Summary of STEP Entities
! SUMMARY-   
! SUMMARY-  Entity Type                                                   Count
! SUMMARY-  -----------                                                   ------
! SUMMARY-  advanced_face ..............................................:    213
! SUMMARY-  annotation_plane ...........................................:      2
! SUMMARY-  application_context ........................................:      5
! SUMMARY-  approval ...................................................:     15
! SUMMARY-  approval_date_time .........................................:     15
! SUMMARY-  approval_status ............................................:     15
! SUMMARY-  axis2_placement_3d .........................................:    412
! SUMMARY-  b_spline_curve_with_knots ..................................:     71
! SUMMARY-  b_spline_curve_with_knots_and_rational_b_spline_curve ......:     75
! SUMMARY-  calendar_date ..............................................:     15
! SUMMARY-  cartesian_point ............................................:   2781
! SUMMARY-  cc_design_approval .........................................:     15
! SUMMARY-  cc_design_date_and_time_assignment .........................:     15
! SUMMARY-  cc_design_person_and_organization_assignment ...............:      1
! SUMMARY-  cc_design_security_classification ..........................:     10
! SUMMARY-  circle .....................................................:    180
! SUMMARY-  closed_shell ...............................................:     10
! SUMMARY-  conical_surface ............................................:      2
! SUMMARY-  context_dependent_shape_representation .....................:     10
! SUMMARY-  coordinated_universal_time_offset ..........................:     15
! SUMMARY-  cylindrical_surface ........................................:     91
! SUMMARY-  date_and_time ..............................................:     15
! SUMMARY-  design_context .............................................:      5
! SUMMARY-  direction ..................................................:   1066
! SUMMARY-  draughting_model ...........................................:      2
! SUMMARY-  edge_curve .................................................:    568
! SUMMARY-  edge_loop ..................................................:    246
! SUMMARY-  face_bound .................................................:    222
! SUMMARY-  face_outer_bound ...........................................:     24
! SUMMARY-  geometric_representation_context_and_global_uncertainty_a ..:      1
! SUMMARY-  item_defined_transformation ................................:     10
! SUMMARY-  length_unit_and_si_unit ....................................:      1
! SUMMARY-  line .......................................................:    242
! SUMMARY-  local_time .................................................:     15
! SUMMARY-  manifold_solid_brep ........................................:     10
! SUMMARY-  mechanical_context .........................................:      5
! SUMMARY-  next_assembly_usage_occurrence .............................:     10
! SUMMARY-  oriented_edge ..............................................:   1136
! SUMMARY-  plane ......................................................:    105
! SUMMARY-  plane_angle_unit_and_si_unit ...............................:      1
! SUMMARY-  product ....................................................:      5
! SUMMARY-  product_definition .........................................:      5
! SUMMARY-  product_definition_formation_with_specified_source .........:      5
! SUMMARY-  product_definition_shape ...................................:     15
! SUMMARY-  product_related_product_category ...........................:      5
! SUMMARY-  representation_relationship_with_transformation_and_shape ..:     10
! SUMMARY-  shape_representation .......................................:      5
! SUMMARY-  si_unit_and_solid_angle_unit ...............................:      1
! SUMMARY-  spherical_surface ..........................................:      2
! SUMMARY-  toroidal_surface ...........................................:     15
! SUMMARY-  uncertainty_measure_with_unit ..............................:      1
! SUMMARY-  vector .....................................................:    242
! SUMMARY-  vertex_point ...............................................:    384
! SUMMARY-                                                               -------
! SUMMARY-  Total                                                           8347
! STATUS-    
! STATUS-   Converting to Output Form (Phase 2 of 3): 15-MAR-2023 12:38:06 AM
! STATUS-    
! WARNING-  Reference Set Name NONE is changed to: NONE-c01.
! WARNING-  Reference Set Name NONE is changed to: NONE-c012.
! WARNING-  Reference Set Name NONE is changed to: NONE-c0123.
! WARNING-  Reference Set Name NONE is changed to: NONE-c01234.
! STATUS-    
! STATUS-   Generating UG geometry and placing them in parts
! STATUS-    
! STATUS-   Creating the UG part (Phase 3 of 3): 15-MAR-2023  12:38:06 AM
! STATUS-    
! STATUS-   Creating UG solid body from Input Ent Id 402
! STATUS-    
! STATUS-   fixing vertex and/or edge off surface faults
! STATUS-    
! STATUS-   simplifying Bsplines to analytics
! STATUS-    
! STATUS-   converting tolerant edges into exact edges
! STATUS-    
! STATUS-   doing final check of body to report any faults
! STATUS-    
! INFO-     Filing Part ..: I:\My Drive\trong_phuc.firm@Phuc080201\Do_An\Do An\QuanTracVe\QT\CK\NX\Tau_hai_Than\File Assembly\NONE377
! SUMMARY-   
! SUMMARY-  Summary of Unigraphics Part Entities
! SUMMARY-   
! SUMMARY-  Entities Processed             Count
! SUMMARY-  ------------------             -----
! SUMMARY-  Solid .......................:     1
! SUMMARY-                                 -----
! SUMMARY-  Total                              1
! STATUS-   Creating the UG part (Phase 3 of 3): 15-MAR-2023  12:38:12 AM
! STATUS-    
! STATUS-   Creating UG solid body from Input Ent Id 261
! STATUS-    
! STATUS-   simplifying Bsplines to analytics
! STATUS-    
! STATUS-   converting tolerant edges into exact edges
! STATUS-    
! STATUS-   doing final check of body to report any faults
! STATUS-    
! INFO-     Filing Part ..: I:\My Drive\trong_phuc.firm@Phuc080201\Do_An\Do An\QuanTracVe\QT\CK\NX\Tau_hai_Than\File Assembly\NONE236
! SUMMARY-   
! SUMMARY-  Summary of Unigraphics Part Entities
! SUMMARY-   
! SUMMARY-  Entities Processed             Count
! SUMMARY-  ------------------             -----
! SUMMARY-  Solid .......................:     1
! SUMMARY-                                 -----
! SUMMARY-  Total                              1
! STATUS-   Creating the UG part (Phase 3 of 3): 15-MAR-2023  12:38:12 AM
! STATUS-    
! STATUS-   Creating UG solid body from Input Ent Id 138
! STATUS-    
! STATUS-   simplifying Bsplines to analytics
! STATUS-    
! STATUS-   converting tolerant edges into exact edges
! STATUS-    
! STATUS-   doing final check of body to report any faults
! STATUS-    
! STATUS-    
! STATUS-   Creating UG solid body from Input Ent Id 148
! STATUS-    
! STATUS-   simplifying Bsplines to analytics
! STATUS-    
! STATUS-   converting tolerant edges into exact edges
! STATUS-    
! STATUS-   doing final check of body to report any faults
! STATUS-    
! STATUS-    
! STATUS-   Creating UG solid body from Input Ent Id 158
! STATUS-    
! STATUS-   simplifying Bsplines to analytics
! STATUS-    
! STATUS-   converting tolerant edges into exact edges
! STATUS-    
! STATUS-   doing final check of body to report any faults
! STATUS-    
! STATUS-    
! STATUS-   Creating UG solid body from Input Ent Id 168
! STATUS-    
! STATUS-   simplifying Bsplines to analytics
! STATUS-    
! STATUS-   converting tolerant edges into exact edges
! STATUS-    
! STATUS-   doing final check of body to report any faults
! STATUS-    
! STATUS-    
! STATUS-   Creating UG solid body from Input Ent Id 178
! STATUS-    
! STATUS-   simplifying Bsplines to analytics
! STATUS-    
! STATUS-   converting tolerant edges into exact edges
! STATUS-    
! STATUS-   doing final check of body to report any faults
! STATUS-    
! STATUS-    
! STATUS-   Creating UG solid body from Input Ent Id 188
! STATUS-    
! STATUS-   simplifying Bsplines to analytics
! STATUS-    
! STATUS-   converting tolerant edges into exact edges
! STATUS-    
! STATUS-   doing final check of body to report any faults
! STATUS-    
! STATUS-    
! STATUS-   Creating UG solid body from Input Ent Id 198
! STATUS-    
! STATUS-   simplifying Bsplines to analytics
! STATUS-    
! STATUS-   converting tolerant edges into exact edges
! STATUS-    
! STATUS-   doing final check of body to report any faults
! STATUS-    
! INFO-     Filing Part ..: I:\My Drive\trong_phuc.firm@Phuc080201\Do_An\Do An\QuanTracVe\QT\CK\NX\Tau_hai_Than\File Assembly\NONE113
! SUMMARY-   
! SUMMARY-  Summary of Unigraphics Part Entities
! SUMMARY-   
! SUMMARY-  Entities Processed             Count
! SUMMARY-  ------------------             -----
! SUMMARY-  Solid .......................:     7
! SUMMARY-                                 -----
! SUMMARY-  Total                              7
! STATUS-   Creating the UG part (Phase 3 of 3): 15-MAR-2023  12:38:13 AM
! STATUS-    
! STATUS-   Creating UG solid body from Input Ent Id 74
! STATUS-    
! STATUS-   simplifying Bsplines to analytics
! STATUS-    
! STATUS-   converting tolerant edges into exact edges
! STATUS-    
! STATUS-   doing final check of body to report any faults
! STATUS-    
! INFO-     Filing Part ..: I:\My Drive\trong_phuc.firm@Phuc080201\Do_An\Do An\QuanTracVe\QT\CK\NX\Tau_hai_Than\File Assembly\NONE49
! SUMMARY-   
! SUMMARY-  Summary of Unigraphics Part Entities
! SUMMARY-   
! SUMMARY-  Entities Processed             Count
! SUMMARY-  ------------------             -----
! SUMMARY-  Solid .......................:     1
! SUMMARY-                                 -----
! SUMMARY-  Total                              1
! STATUS-   Creating the UG part (Phase 3 of 3): 15-MAR-2023  12:38:14 AM
! INFO-     Filing Part ..: I:\My Drive\trong_phuc.firm@Phuc080201\Do_An\Do An\QuanTracVe\QT\CK\NX\Tau_hai_Than\File Assembly\вентилятор120.prt
! SUMMARY-   
! SUMMARY-  Summary of Unigraphics Part Entities
! SUMMARY-   
! SUMMARY-  Entities Processed             Count
! SUMMARY-  ------------------             -----
! SUMMARY-  Component ...................:    10
! SUMMARY-                                 -----
! SUMMARY-  Total                             10
! INFO-      
! INFO-     Total number of solids input for this translation       :        10
! INFO-      
! INFO-     Number of solids created without body validation faults :        10
! INFO-      
! INFO-     Number of solids created with body validation fault(s)  :         0
! INFO-      
! INFO-     Number of solids ending up as sheet bodies              :         0
! INFO-      
! INFO-     End of Translation: 15-MAR-2023  12:38:14 AM
! INFO-      
